# JRE version: Java(TM) SE Runtime Environment (13.0.1+9) (build 13.0.1+9)
# Java VM: Java HotSpot(TM) 64-Bit Server VM (13.0.1+9, mixed mode, sharing, tiered, compressed oops, g1 gc, windows-amd64)
Heap:
 garbage-first heap   total 587776K, used 164106K [0x0000000740000000, 0x0000000800000000)
  region size 1024K, 3 young (3072K), 3 survivors (3072K)
 Metaspace       used 61318K, capacity 63343K, committed 63592K, reserved 1103872K
  class space    used 8349K, capacity 9122K, committed 9172K, reserved 1048576K
GC Heap History (20 events):
Event: 11.456 GC heap after
{Heap after GC invocations=34 (full 0):
 garbage-first heap   total 128000K, used 54845K [0x0000000740000000, 0x0000000800000000)
  region size 1024K, 2 young (2048K), 2 survivors (2048K)
 Metaspace       used 59913K, capacity 61820K, committed 62056K, reserved 1101824K
  class space    used 8119K, capacity 8853K, committed 8916K, reserved 1048576K
}
Event: 11.888 GC heap before
{Heap before GC invocations=35 (full 0):
 garbage-first heap   total 128000K, used 109117K [0x0000000740000000, 0x0000000800000000)
  region size 1024K, 30 young (30720K), 2 survivors (2048K)
 Metaspace       used 60832K, capacity 62754K, committed 62952K, reserved 1103872K
  class space    used 8290K, capacity 9035K, committed 9044K, reserved 1048576K
}
Event: 11.893 GC heap after
{Heap after GC invocations=36 (full 0):
 garbage-first heap   total 128000K, used 57390K [0x0000000740000000, 0x0000000800000000)
  region size 1024K, 4 young (4096K), 4 survivors (4096K)
 Metaspace       used 60832K, capacity 62754K, committed 62952K, reserved 1103872K
  class space    used 8290K, capacity 9035K, committed 9044K, reserved 1048576K
}
Event: 11.951 GC heap before
{Heap before GC invocations=36 (full 0):
 garbage-first heap   total 128000K, used 59438K [0x0000000740000000, 0x0000000800000000)
  region size 1024K, 7 young (7168K), 4 survivors (4096K)
 Metaspace       used 61031K, capacity 63008K, committed 63336K, reserved 1103872K
  class space    used 8319K, capacity 9077K, committed 9172K, reserved 1048576K
}
Event: 11.957 GC heap after
{Heap after GC invocations=37 (full 0):
 garbage-first heap   total 153600K, used 58063K [0x0000000740000000, 0x0000000800000000)
  region size 1024K, 3 young (3072K), 3 survivors (3072K)
 Metaspace       used 61031K, capacity 63008K, committed 63336K, reserved 1103872K
  class space    used 8319K, capacity 9077K, committed 9172K, reserved 1048576K
}
Event: 12.087 GC heap before
{Heap before GC invocations=38 (full 0):
 garbage-first heap   total 153600K, used 76495K [0x0000000740000000, 0x0000000800000000)
  region size 1024K, 5 young (5120K), 3 survivors (3072K)
 Metaspace       used 61053K, capacity 63008K, committed 63336K, reserved 1103872K
  class space    used 8322K, capacity 9077K, committed 9172K, reserved 1048576K
}
Event: 12.092 GC heap after
{Heap after GC invocations=39 (full 0):
 garbage-first heap   total 153600K, used 69939K [0x0000000740000000, 0x0000000800000000)
  region size 1024K, 2 young (2048K), 2 survivors (2048K)
 Metaspace       used 61053K, capacity 63008K, committed 63336K, reserved 1103872K
  class space    used 8322K, capacity 9077K, committed 9172K, reserved 1048576K
}
Event: 12.287 GC heap before
{Heap before GC invocations=40 (full 0):
 garbage-first heap   total 153600K, used 105779K [0x0000000740000000, 0x0000000800000000)
  region size 1024K, 29 young (29696K), 2 survivors (2048K)
 Metaspace       used 61165K, capacity 63082K, committed 63336K, reserved 1103872K
  class space    used 8333K, capacity 9080K, committed 9172K, reserved 1048576K
}
Event: 12.302 GC heap after
{Heap after GC invocations=41 (full 0):
 garbage-first heap   total 153600K, used 86794K [0x0000000740000000, 0x0000000800000000)
  region size 1024K, 4 young (4096K), 4 survivors (4096K)
 Metaspace       used 61165K, capacity 63082K, committed 63336K, reserved 1103872K
  class space    used 8333K, capacity 9080K, committed 9172K, reserved 1048576K
}
Event: 12.337 GC heap before
{Heap before GC invocations=41 (full 0):
 garbage-first heap   total 153600K, used 106250K [0x0000000740000000, 0x0000000800000000)
  region size 1024K, 23 young (23552K), 4 survivors (4096K)
 Metaspace       used 61165K, capacity 63082K, committed 63336K, reserved 1103872K
  class space    used 8333K, capacity 9080K, committed 9172K, reserved 1048576K
}
Event: 12.352 GC heap after
{Heap after GC invocations=42 (full 0):
 garbage-first heap   total 153600K, used 99594K [0x0000000740000000, 0x0000000800000000)
  region size 1024K, 3 young (3072K), 3 survivors (3072K)
 Metaspace       used 61165K, capacity 63082K, committed 63336K, reserved 1103872K
  class space    used 8333K, capacity 9080K, committed 9172K, reserved 1048576K
}
Event: 12.399 GC heap before
{Heap before GC invocations=42 (full 0):
 garbage-first heap   total 153600K, used 114954K [0x0000000740000000, 0x0000000800000000)
  region size 1024K, 18 young (18432K), 3 survivors (3072K)
 Metaspace       used 61172K, capacity 63082K, committed 63336K, reserved 1103872K
  class space    used 8333K, capacity 9080K, committed 9172K, reserved 1048576K
}
Event: 12.408 GC heap after
{Heap after GC invocations=43 (full 0):
 garbage-first heap   total 221184K, used 110346K [0x0000000740000000, 0x0000000800000000)
  region size 1024K, 3 young (3072K), 3 survivors (3072K)
 Metaspace       used 61172K, capacity 63082K, committed 63336K, reserved 1103872K
  class space    used 8333K, capacity 9080K, committed 9172K, reserved 1048576K
}
Event: 12.515 GC heap before
{Heap before GC invocations=43 (full 0):
 garbage-first heap   total 227328K, used 141066K [0x0000000740000000, 0x0000000800000000)
  region size 1024K, 35 young (35840K), 3 survivors (3072K)
 Metaspace       used 61172K, capacity 63082K, committed 63336K, reserved 1103872K
  class space    used 8333K, capacity 9080K, committed 9172K, reserved 1048576K
}
Event: 12.532 GC heap after
{Heap after GC invocations=44 (full 0):
 garbage-first heap   total 227328K, used 129290K [0x0000000740000000, 0x0000000800000000)
  region size 1024K, 5 young (5120K), 5 survivors (5120K)
 Metaspace       used 61172K, capacity 63082K, committed 63336K, reserved 1103872K
  class space    used 8333K, capacity 9080K, committed 9172K, reserved 1048576K
}
Event: 12.636 GC heap before
{Heap before GC invocations=45 (full 0):
 garbage-first heap   total 227328K, used 156938K [0x0000000740000000, 0x0000000800000000)
  region size 1024K, 32 young (32768K), 5 survivors (5120K)
 Metaspace       used 61277K, capacity 63269K, committed 63336K, reserved 1103872K
  class space    used 8344K, capacity 9119K, committed 9172K, reserved 1048576K
}
Event: 12.652 GC heap after
{Heap after GC invocations=46 (full 0):
 garbage-first heap   total 227328K, used 147722K [0x0000000740000000, 0x0000000800000000)
  region size 1024K, 4 young (4096K), 4 survivors (4096K)
 Metaspace       used 61277K, capacity 63269K, committed 63336K, reserved 1103872K
  class space    used 8344K, capacity 9119K, committed 9172K, reserved 1048576K
}
Event: 12.738 GC heap before
{Heap before GC invocations=46 (full 0):
 garbage-first heap   total 227328K, used 169226K [0x0000000740000000, 0x0000000800000000)
  region size 1024K, 25 young (25600K), 4 survivors (4096K)
 Metaspace       used 61280K, capacity 63271K, committed 63336K, reserved 1103872K
  class space    used 8344K, capacity 9119K, committed 9172K, reserved 1048576K
}
Event: 12.777 GC heap after
{Heap after GC invocations=47 (full 0):
 garbage-first heap   total 227328K, used 163082K [0x0000000740000000, 0x0000000800000000)
  region size 1024K, 4 young (4096K), 4 survivors (4096K)
 Metaspace       used 61280K, capacity 63271K, committed 63336K, reserved 1103872K
  class space    used 8344K, capacity 9119K, committed 9172K, reserved 1048576K
}
Event: 13.048 GC heap before
{Heap before GC invocations=47 (full 0):
 garbage-first heap   total 293888K, used 174346K [0x0000000740000000, 0x0000000800000000)
  region size 1024K, 19 young (19456K), 4 survivors (4096K)
 Metaspace       used 61318K, capacity 63343K, committed 63592K, reserved 1103872K
  class space    used 8349K, capacity 9122K, committed 9172K, reserved 1048576K
}

