# JRE version: Java(TM) SE Runtime Environment (13.0.1+9) (build 13.0.1+9)
# Java VM: Java HotSpot(TM) 64-Bit Server VM (13.0.1+9, mixed mode, sharing, tiered, compressed oops, g1 gc, windows-amd64)
Heap:
 garbage-first heap   total 647168K, used 201839K [0x0000000740000000, 0x0000000800000000)
  region size 1024K, 5 young (5120K), 5 survivors (5120K)
 Metaspace       used 61415K, capacity 63473K, committed 63592K, reserved 1103872K
  class space    used 8352K, capacity 9123K, committed 9172K, reserved 1048576K
GC Heap History (20 events):
Event: 13.305 GC heap after
{Heap after GC invocations=36 (full 0):
 garbage-first heap   total 130048K, used 57138K [0x0000000740000000, 0x0000000800000000)
  region size 1024K, 4 young (4096K), 4 survivors (4096K)
 Metaspace       used 60958K, capacity 62861K, committed 63080K, reserved 1103872K
  class space    used 8315K, capacity 9072K, committed 9172K, reserved 1048576K
}
Event: 13.323 GC heap before
{Heap before GC invocations=36 (full 0):
 garbage-first heap   total 130048K, used 58162K [0x0000000740000000, 0x0000000800000000)
  region size 1024K, 6 young (6144K), 4 survivors (4096K)
 Metaspace       used 61024K, capacity 63004K, committed 63336K, reserved 1103872K
  class space    used 8325K, capacity 9077K, committed 9172K, reserved 1048576K
}
Event: 13.329 GC heap after
{Heap after GC invocations=37 (full 0):
 garbage-first heap   total 130048K, used 57837K [0x0000000740000000, 0x0000000800000000)
  region size 1024K, 1 young (1024K), 1 survivors (1024K)
 Metaspace       used 61024K, capacity 63004K, committed 63336K, reserved 1103872K
  class space    used 8325K, capacity 9077K, committed 9172K, reserved 1048576K
}
Event: 13.503 GC heap before
{Heap before GC invocations=38 (full 0):
 garbage-first heap   total 130048K, used 89581K [0x0000000740000000, 0x0000000800000000)
  region size 1024K, 11 young (11264K), 1 survivors (1024K)
 Metaspace       used 61073K, capacity 63007K, committed 63336K, reserved 1103872K
  class space    used 8327K, capacity 9078K, committed 9172K, reserved 1048576K
}
Event: 13.511 GC heap after
{Heap after GC invocations=39 (full 0):
 garbage-first heap   total 156672K, used 70254K [0x0000000740000000, 0x0000000800000000)
  region size 1024K, 3 young (3072K), 3 survivors (3072K)
 Metaspace       used 61073K, capacity 63007K, committed 63336K, reserved 1103872K
  class space    used 8327K, capacity 9078K, committed 9172K, reserved 1048576K
}
Event: 13.667 GC heap before
{Heap before GC invocations=40 (full 0):
 garbage-first heap   total 156672K, used 103022K [0x0000000740000000, 0x0000000800000000)
  region size 1024K, 32 young (32768K), 3 survivors (3072K)
 Metaspace       used 61147K, capacity 63109K, committed 63336K, reserved 1103872K
  class space    used 8336K, capacity 9112K, committed 9172K, reserved 1048576K
}
Event: 13.687 GC heap after
{Heap after GC invocations=41 (full 0):
 garbage-first heap   total 156672K, used 93568K [0x0000000740000000, 0x0000000800000000)
  region size 1024K, 4 young (4096K), 4 survivors (4096K)
 Metaspace       used 61147K, capacity 63109K, committed 63336K, reserved 1103872K
  class space    used 8336K, capacity 9112K, committed 9172K, reserved 1048576K
}
Event: 13.738 GC heap before
{Heap before GC invocations=41 (full 0):
 garbage-first heap   total 156672K, used 112000K [0x0000000740000000, 0x0000000800000000)
  region size 1024K, 22 young (22528K), 4 survivors (4096K)
 Metaspace       used 61154K, capacity 63109K, committed 63336K, reserved 1103872K
  class space    used 8336K, capacity 9112K, committed 9172K, reserved 1048576K
}
Event: 13.755 GC heap after
{Heap after GC invocations=42 (full 0):
 garbage-first heap   total 156672K, used 106159K [0x0000000740000000, 0x0000000800000000)
  region size 1024K, 3 young (3072K), 3 survivors (3072K)
 Metaspace       used 61154K, capacity 63109K, committed 63336K, reserved 1103872K
  class space    used 8336K, capacity 9112K, committed 9172K, reserved 1048576K
}
Event: 13.777 GC heap before
{Heap before GC invocations=42 (full 0):
 garbage-first heap   total 156672K, used 118447K [0x0000000740000000, 0x0000000800000000)
  region size 1024K, 15 young (15360K), 3 survivors (3072K)
 Metaspace       used 61154K, capacity 63109K, committed 63336K, reserved 1103872K
  class space    used 8336K, capacity 9112K, committed 9172K, reserved 1048576K
}
Event: 13.787 GC heap after
{Heap after GC invocations=43 (full 0):
 garbage-first heap   total 156672K, used 114351K [0x0000000740000000, 0x0000000800000000)
  region size 1024K, 2 young (2048K), 2 survivors (2048K)
 Metaspace       used 61154K, capacity 63109K, committed 63336K, reserved 1103872K
  class space    used 8336K, capacity 9112K, committed 9172K, reserved 1048576K
}
Event: 13.807 GC heap before
{Heap before GC invocations=43 (full 0):
 garbage-first heap   total 156672K, used 123567K [0x0000000740000000, 0x0000000800000000)
  region size 1024K, 11 young (11264K), 2 survivors (2048K)
 Metaspace       used 61155K, capacity 63109K, committed 63336K, reserved 1103872K
  class space    used 8336K, capacity 9112K, committed 9172K, reserved 1048576K
}
Event: 13.814 GC heap after
{Heap after GC invocations=44 (full 0):
 garbage-first heap   total 269312K, used 120952K [0x0000000740000000, 0x0000000800000000)
  region size 1024K, 2 young (2048K), 2 survivors (2048K)
 Metaspace       used 61155K, capacity 63109K, committed 63336K, reserved 1103872K
  class space    used 8336K, capacity 9112K, committed 9172K, reserved 1048576K
}
Event: 14.056 GC heap before
{Heap before GC invocations=45 (full 0):
 garbage-first heap   total 269312K, used 162936K [0x0000000740000000, 0x0000000800000000)
  region size 1024K, 45 young (46080K), 2 survivors (2048K)
 Metaspace       used 61274K, capacity 63204K, committed 63336K, reserved 1103872K
  class space    used 8351K, capacity 9121K, committed 9172K, reserved 1048576K
}
Event: 14.079 GC heap after
{Heap after GC invocations=46 (full 0):
 garbage-first heap   total 269312K, used 146940K [0x0000000740000000, 0x0000000800000000)
  region size 1024K, 6 young (6144K), 6 survivors (6144K)
 Metaspace       used 61274K, capacity 63204K, committed 63336K, reserved 1103872K
  class space    used 8351K, capacity 9121K, committed 9172K, reserved 1048576K
}
Event: 14.261 GC heap before
{Heap before GC invocations=46 (full 0):
 garbage-first heap   total 269312K, used 181756K [0x0000000740000000, 0x0000000800000000)
  region size 1024K, 40 young (40960K), 6 survivors (6144K)
 Metaspace       used 61279K, capacity 63207K, committed 63336K, reserved 1103872K
  class space    used 8351K, capacity 9121K, committed 9172K, reserved 1048576K
}
Event: 14.307 GC heap after
{Heap after GC invocations=47 (full 0):
 garbage-first heap   total 269312K, used 172207K [0x0000000740000000, 0x0000000800000000)
  region size 1024K, 5 young (5120K), 5 survivors (5120K)
 Metaspace       used 61279K, capacity 63207K, committed 63336K, reserved 1103872K
  class space    used 8351K, capacity 9121K, committed 9172K, reserved 1048576K
}
Event: 14.689 GC heap before
{Heap before GC invocations=48 (full 0):
 garbage-first heap   total 309248K, used 207023K [0x0000000740000000, 0x0000000800000000)
  region size 1024K, 10 young (10240K), 5 survivors (5120K)
 Metaspace       used 61382K, capacity 63402K, committed 63592K, reserved 1103872K
  class space    used 8351K, capacity 9122K, committed 9172K, reserved 1048576K
}
Event: 14.709 GC heap after
{Heap after GC invocations=49 (full 0):
 garbage-first heap   total 309248K, used 166319K [0x0000000740000000, 0x0000000800000000)
  region size 1024K, 3 young (3072K), 3 survivors (3072K)
 Metaspace       used 61382K, capacity 63402K, committed 63592K, reserved 1103872K
  class space    used 8351K, capacity 9122K, committed 9172K, reserved 1048576K
}
Event: 14.936 GC heap before
{Heap before GC invocations=49 (full 0):
 garbage-first heap   total 309248K, used 242095K [0x0000000740000000, 0x0000000800000000)
  region size 1024K, 40 young (40960K), 3 survivors (3072K)
 Metaspace       used 61415K, capacity 63473K, committed 63592K, reserved 1103872K
  class space    used 8352K, capacity 9123K, committed 9172K, reserved 1048576K
}

