# JRE version: Java(TM) SE Runtime Environment (13.0.1+9) (build 13.0.1+9)
# Java VM: Java HotSpot(TM) 64-Bit Server VM (13.0.1+9, mixed mode, sharing, tiered, compressed oops, g1 gc, windows-amd64)
Heap:
 garbage-first heap   total 897024K, used 200161K [0x0000000740000000, 0x0000000800000000)
  region size 1024K, 5 young (5120K), 5 survivors (5120K)
 Metaspace       used 61513K, capacity 63529K, committed 63660K, reserved 1103872K
  class space    used 8356K, capacity 9122K, committed 9216K, reserved 1048576K
GC Heap History (20 events):
Event: 23.110 GC heap after
{Heap after GC invocations=41 (full 0):
 garbage-first heap   total 133120K, used 99905K [0x0000000740000000, 0x0000000800000000)
  region size 1024K, 2 young (2048K), 2 survivors (2048K)
 Metaspace       used 61250K, capacity 63234K, committed 63404K, reserved 1103872K
  class space    used 8343K, capacity 9113K, committed 9216K, reserved 1048576K
}
Event: 23.132 GC heap before
{Heap before GC invocations=41 (full 0):
 garbage-first heap   total 133120K, used 107073K [0x0000000740000000, 0x0000000800000000)
  region size 1024K, 9 young (9216K), 2 survivors (2048K)
 Metaspace       used 61257K, capacity 63234K, committed 63404K, reserved 1103872K
  class space    used 8343K, capacity 9113K, committed 9216K, reserved 1048576K
}
Event: 23.137 GC heap after
{Heap after GC invocations=42 (full 0):
 garbage-first heap   total 133120K, used 105025K [0x0000000740000000, 0x0000000800000000)
  region size 1024K, 2 young (2048K), 2 survivors (2048K)
 Metaspace       used 61257K, capacity 63234K, committed 63404K, reserved 1103872K
  class space    used 8343K, capacity 9113K, committed 9216K, reserved 1048576K
}
Event: 23.144 GC heap before
{Heap before GC invocations=42 (full 0):
 garbage-first heap   total 133120K, used 110145K [0x0000000740000000, 0x0000000800000000)
  region size 1024K, 7 young (7168K), 2 survivors (2048K)
 Metaspace       used 61257K, capacity 63234K, committed 63404K, reserved 1103872K
  class space    used 8343K, capacity 9113K, committed 9216K, reserved 1048576K
}
Event: 23.149 GC heap after
{Heap after GC invocations=43 (full 0):
 garbage-first heap   total 133120K, used 108625K [0x0000000740000000, 0x0000000800000000)
  region size 1024K, 1 young (1024K), 1 survivors (1024K)
 Metaspace       used 61257K, capacity 63234K, committed 63404K, reserved 1103872K
  class space    used 8343K, capacity 9113K, committed 9216K, reserved 1048576K
}
Event: 23.167 GC heap before
{Heap before GC invocations=43 (full 0):
 garbage-first heap   total 183296K, used 111697K [0x0000000740000000, 0x0000000800000000)
  region size 1024K, 6 young (6144K), 1 survivors (1024K)
 Metaspace       used 61257K, capacity 63234K, committed 63404K, reserved 1103872K
  class space    used 8343K, capacity 9113K, committed 9216K, reserved 1048576K
}
Event: 23.170 GC heap after
{Heap after GC invocations=44 (full 0):
 garbage-first heap   total 183296K, used 110003K [0x0000000740000000, 0x0000000800000000)
  region size 1024K, 1 young (1024K), 1 survivors (1024K)
 Metaspace       used 61257K, capacity 63234K, committed 63404K, reserved 1103872K
  class space    used 8343K, capacity 9113K, committed 9216K, reserved 1048576K
}
Event: 23.217 GC heap before
{Heap before GC invocations=44 (full 0):
 garbage-first heap   total 183296K, used 129459K [0x0000000740000000, 0x0000000800000000)
  region size 1024K, 20 young (20480K), 1 survivors (1024K)
 Metaspace       used 61257K, capacity 63234K, committed 63404K, reserved 1103872K
  class space    used 8343K, capacity 9113K, committed 9216K, reserved 1048576K
}
Event: 23.228 GC heap after
{Heap after GC invocations=45 (full 0):
 garbage-first heap   total 183296K, used 122272K [0x0000000740000000, 0x0000000800000000)
  region size 1024K, 3 young (3072K), 3 survivors (3072K)
 Metaspace       used 61257K, capacity 63234K, committed 63404K, reserved 1103872K
  class space    used 8343K, capacity 9113K, committed 9216K, reserved 1048576K
}
Event: 23.248 GC heap before
{Heap before GC invocations=45 (full 0):
 garbage-first heap   total 183296K, used 137632K [0x0000000740000000, 0x0000000800000000)
  region size 1024K, 18 young (18432K), 3 survivors (3072K)
 Metaspace       used 61257K, capacity 63234K, committed 63404K, reserved 1103872K
  class space    used 8343K, capacity 9113K, committed 9216K, reserved 1048576K
}
Event: 23.257 GC heap after
{Heap after GC invocations=46 (full 0):
 garbage-first heap   total 183296K, used 133093K [0x0000000740000000, 0x0000000800000000)
  region size 1024K, 3 young (3072K), 3 survivors (3072K)
 Metaspace       used 61257K, capacity 63234K, committed 63404K, reserved 1103872K
  class space    used 8343K, capacity 9113K, committed 9216K, reserved 1048576K
}
Event: 23.272 GC heap before
{Heap before GC invocations=47 (full 0):
 garbage-first heap   total 183296K, used 144357K [0x0000000740000000, 0x0000000800000000)
  region size 1024K, 14 young (14336K), 3 survivors (3072K)
 Metaspace       used 61257K, capacity 63234K, committed 63404K, reserved 1103872K
  class space    used 8343K, capacity 9113K, committed 9216K, reserved 1048576K
}
Event: 23.281 GC heap after
{Heap after GC invocations=48 (full 0):
 garbage-first heap   total 220160K, used 141825K [0x0000000740000000, 0x0000000800000000)
  region size 1024K, 2 young (2048K), 2 survivors (2048K)
 Metaspace       used 61257K, capacity 63234K, committed 63404K, reserved 1103872K
  class space    used 8343K, capacity 9113K, committed 9216K, reserved 1048576K
}
Event: 23.338 GC heap before
{Heap before GC invocations=48 (full 0):
 garbage-first heap   total 220160K, used 161281K [0x0000000740000000, 0x0000000800000000)
  region size 1024K, 21 young (21504K), 2 survivors (2048K)
 Metaspace       used 61365K, capacity 63391K, committed 63660K, reserved 1103872K
  class space    used 8354K, capacity 9120K, committed 9216K, reserved 1048576K
}
Event: 23.355 GC heap after
{Heap after GC invocations=49 (full 0):
 garbage-first heap   total 220160K, used 155043K [0x0000000740000000, 0x0000000800000000)
  region size 1024K, 3 young (3072K), 3 survivors (3072K)
 Metaspace       used 61365K, capacity 63391K, committed 63660K, reserved 1103872K
  class space    used 8354K, capacity 9120K, committed 9216K, reserved 1048576K
}
Event: 23.390 GC heap before
{Heap before GC invocations=49 (full 0):
 garbage-first heap   total 220160K, used 170403K [0x0000000740000000, 0x0000000800000000)
  region size 1024K, 18 young (18432K), 3 survivors (3072K)
 Metaspace       used 61368K, capacity 63391K, committed 63660K, reserved 1103872K
  class space    used 8355K, capacity 9120K, committed 9216K, reserved 1048576K
}
Event: 23.419 GC heap after
{Heap after GC invocations=50 (full 0):
 garbage-first heap   total 220160K, used 167489K [0x0000000740000000, 0x0000000800000000)
  region size 1024K, 3 young (3072K), 3 survivors (3072K)
 Metaspace       used 61368K, capacity 63391K, committed 63660K, reserved 1103872K
  class space    used 8355K, capacity 9120K, committed 9216K, reserved 1048576K
}
Event: 23.624 GC heap before
{Heap before GC invocations=50 (full 0):
 garbage-first heap   total 295936K, used 176705K [0x0000000740000000, 0x0000000800000000)
  region size 1024K, 14 young (14336K), 3 survivors (3072K)
 Metaspace       used 61386K, capacity 63394K, committed 63660K, reserved 1103872K
  class space    used 8356K, capacity 9121K, committed 9216K, reserved 1048576K
}
Event: 23.642 GC heap after
{Heap after GC invocations=51 (full 0):
 garbage-first heap   total 295936K, used 167489K [0x0000000740000000, 0x0000000800000000)
  region size 1024K, 2 young (2048K), 2 survivors (2048K)
 Metaspace       used 61386K, capacity 63394K, committed 63660K, reserved 1103872K
  class space    used 8356K, capacity 9121K, committed 9216K, reserved 1048576K
}
Event: 24.218 GC heap before
{Heap before GC invocations=52 (full 0):
 garbage-first heap   total 295936K, used 271937K [0x0000000740000000, 0x0000000800000000)
  region size 1024K, 35 young (35840K), 2 survivors (2048K)
 Metaspace       used 61513K, capacity 63529K, committed 63660K, reserved 1103872K
  class space    used 8356K, capacity 9122K, committed 9216K, reserved 1048576K
}

