# JRE version: Java(TM) SE Runtime Environment (13.0.1+9) (build 13.0.1+9)
# Java VM: Java HotSpot(TM) 64-Bit Server VM (13.0.1+9, mixed mode, sharing, tiered, compressed oops, g1 gc, windows-amd64)
Heap:
 garbage-first heap   total 509952K, used 295880K [0x0000000740000000, 0x0000000800000000)
  region size 1024K, 75 young (76800K), 12 survivors (12288K)
 Metaspace       used 63383K, capacity 65422K, committed 65708K, reserved 1105920K
  class space    used 8600K, capacity 9369K, committed 9472K, reserved 1048576K
GC Heap History (20 events):
Event: 24.600 GC heap after
{Heap after GC invocations=53 (full 0):
 garbage-first heap   total 133120K, used 58903K [0x0000000740000000, 0x0000000800000000)
  region size 1024K, 1 young (1024K), 1 survivors (1024K)
 Metaspace       used 62886K, capacity 64891K, committed 65068K, reserved 1105920K
  class space    used 8576K, capacity 9325K, committed 9344K, reserved 1048576K
}
Event: 24.812 GC heap before
{Heap before GC invocations=54 (full 0):
 garbage-first heap   total 133120K, used 66071K [0x0000000740000000, 0x0000000800000000)
  region size 1024K, 2 young (2048K), 1 survivors (1024K)
 Metaspace       used 62891K, capacity 64891K, committed 65068K, reserved 1105920K
  class space    used 8576K, capacity 9325K, committed 9344K, reserved 1048576K
}
Event: 24.815 GC heap after
{Heap after GC invocations=55 (full 0):
 garbage-first heap   total 133120K, used 59351K [0x0000000740000000, 0x0000000800000000)
  region size 1024K, 2 young (2048K), 2 survivors (2048K)
 Metaspace       used 62891K, capacity 64891K, committed 65068K, reserved 1105920K
  class space    used 8576K, capacity 9325K, committed 9344K, reserved 1048576K
}
Event: 24.947 GC heap before
{Heap before GC invocations=55 (full 0):
 garbage-first heap   total 158720K, used 102359K [0x0000000740000000, 0x0000000800000000)
  region size 1024K, 25 young (25600K), 2 survivors (2048K)
 Metaspace       used 63003K, capacity 64964K, committed 65068K, reserved 1105920K
  class space    used 8586K, capacity 9328K, committed 9344K, reserved 1048576K
}
Event: 24.963 GC heap after
{Heap after GC invocations=56 (full 0):
 garbage-first heap   total 158720K, used 85226K [0x0000000740000000, 0x0000000800000000)
  region size 1024K, 4 young (4096K), 4 survivors (4096K)
 Metaspace       used 63003K, capacity 64964K, committed 65068K, reserved 1105920K
  class space    used 8586K, capacity 9328K, committed 9344K, reserved 1048576K
}
Event: 25.024 GC heap before
{Heap before GC invocations=57 (full 0):
 garbage-first heap   total 158720K, used 106730K [0x0000000740000000, 0x0000000800000000)
  region size 1024K, 25 young (25600K), 4 survivors (4096K)
 Metaspace       used 63003K, capacity 64964K, committed 65068K, reserved 1105920K
  class space    used 8586K, capacity 9328K, committed 9344K, reserved 1048576K
}
Event: 25.039 GC heap after
{Heap after GC invocations=58 (full 0):
 garbage-first heap   total 158720K, used 100296K [0x0000000740000000, 0x0000000800000000)
  region size 1024K, 4 young (4096K), 4 survivors (4096K)
 Metaspace       used 63003K, capacity 64964K, committed 65068K, reserved 1105920K
  class space    used 8586K, capacity 9328K, committed 9344K, reserved 1048576K
}
Event: 25.065 GC heap before
{Heap before GC invocations=58 (full 0):
 garbage-first heap   total 158720K, used 116680K [0x0000000740000000, 0x0000000800000000)
  region size 1024K, 20 young (20480K), 4 survivors (4096K)
 Metaspace       used 63010K, capacity 64964K, committed 65068K, reserved 1105920K
  class space    used 8586K, capacity 9328K, committed 9344K, reserved 1048576K
}
Event: 25.077 GC heap after
{Heap after GC invocations=59 (full 0):
 garbage-first heap   total 158720K, used 111560K [0x0000000740000000, 0x0000000800000000)
  region size 1024K, 3 young (3072K), 3 survivors (3072K)
 Metaspace       used 63010K, capacity 64964K, committed 65068K, reserved 1105920K
  class space    used 8586K, capacity 9328K, committed 9344K, reserved 1048576K
}
Event: 25.132 GC heap before
{Heap before GC invocations=59 (full 0):
 garbage-first heap   total 158720K, used 122824K [0x0000000740000000, 0x0000000800000000)
  region size 1024K, 14 young (14336K), 3 survivors (3072K)
 Metaspace       used 63010K, capacity 64964K, committed 65068K, reserved 1105920K
  class space    used 8586K, capacity 9328K, committed 9344K, reserved 1048576K
}
Event: 25.143 GC heap after
{Heap after GC invocations=60 (full 0):
 garbage-first heap   total 210944K, used 120264K [0x0000000740000000, 0x0000000800000000)
  region size 1024K, 2 young (2048K), 2 survivors (2048K)
 Metaspace       used 63010K, capacity 64964K, committed 65068K, reserved 1105920K
  class space    used 8586K, capacity 9328K, committed 9344K, reserved 1048576K
}
Event: 25.212 GC heap before
{Heap before GC invocations=60 (full 0):
 garbage-first heap   total 210944K, used 144840K [0x0000000740000000, 0x0000000800000000)
  region size 1024K, 26 young (26624K), 2 survivors (2048K)
 Metaspace       used 63010K, capacity 64964K, committed 65068K, reserved 1105920K
  class space    used 8586K, capacity 9328K, committed 9344K, reserved 1048576K
}
Event: 25.240 GC heap after
{Heap after GC invocations=61 (full 0):
 garbage-first heap   total 210944K, used 136600K [0x0000000740000000, 0x0000000800000000)
  region size 1024K, 4 young (4096K), 4 survivors (4096K)
 Metaspace       used 63010K, capacity 64964K, committed 65068K, reserved 1105920K
  class space    used 8586K, capacity 9328K, committed 9344K, reserved 1048576K
}
Event: 25.323 GC heap before
{Heap before GC invocations=61 (full 0):
 garbage-first heap   total 254976K, used 154008K [0x0000000740000000, 0x0000000800000000)
  region size 1024K, 23 young (23552K), 4 survivors (4096K)
 Metaspace       used 63112K, capacity 65086K, committed 65196K, reserved 1105920K
  class space    used 8598K, capacity 9367K, committed 9472K, reserved 1048576K
}
Event: 25.337 GC heap after
{Heap after GC invocations=62 (full 0):
 garbage-first heap   total 254976K, used 147912K [0x0000000740000000, 0x0000000800000000)
  region size 1024K, 3 young (3072K), 3 survivors (3072K)
 Metaspace       used 63112K, capacity 65086K, committed 65196K, reserved 1105920K
  class space    used 8598K, capacity 9367K, committed 9472K, reserved 1048576K
}
Event: 25.508 GC heap before
{Heap before GC invocations=63 (full 0):
 garbage-first heap   total 254976K, used 176584K [0x0000000740000000, 0x0000000800000000)
  region size 1024K, 31 young (31744K), 3 survivors (3072K)
 Metaspace       used 63121K, capacity 65089K, committed 65196K, reserved 1105920K
  class space    used 8599K, capacity 9367K, committed 9472K, reserved 1048576K
}
Event: 25.548 GC heap after
{Heap after GC invocations=64 (full 0):
 garbage-first heap   total 254976K, used 170440K [0x0000000740000000, 0x0000000800000000)
  region size 1024K, 4 young (4096K), 4 survivors (4096K)
 Metaspace       used 63121K, capacity 65089K, committed 65196K, reserved 1105920K
  class space    used 8599K, capacity 9367K, committed 9472K, reserved 1048576K
}
Event: 25.604 GC heap before
{Heap before GC invocations=64 (full 0):
 garbage-first heap   total 254976K, used 174536K [0x0000000740000000, 0x0000000800000000)
  region size 1024K, 9 young (9216K), 4 survivors (4096K)
 Metaspace       used 63121K, capacity 65089K, committed 65196K, reserved 1105920K
  class space    used 8599K, capacity 9367K, committed 9472K, reserved 1048576K
}
Event: 25.635 GC heap after
{Heap after GC invocations=65 (full 0):
 garbage-first heap   total 509952K, used 174986K [0x0000000740000000, 0x0000000800000000)
  region size 1024K, 4 young (4096K), 4 survivors (4096K)
 Metaspace       used 63121K, capacity 65089K, committed 65196K, reserved 1105920K
  class space    used 8599K, capacity 9367K, committed 9472K, reserved 1048576K
}
Event: 26.188 GC heap before
{Heap before GC invocations=66 (full 0):
 garbage-first heap   total 509952K, used 296842K [0x0000000740000000, 0x0000000800000000)
  region size 1024K, 93 young (95232K), 4 survivors (4096K)
 Metaspace       used 63293K, capacity 65354K, committed 65708K, reserved 1105920K
  class space    used 8600K, capacity 9369K, committed 9472K, reserved 1048576K
}

