# JRE version: Java(TM) SE Runtime Environment (13.0.1+9) (build 13.0.1+9)
# Java VM: Java HotSpot(TM) 64-Bit Server VM (13.0.1+9, mixed mode, sharing, tiered, compressed oops, g1 gc, windows-amd64)
Heap:
 garbage-first heap   total 137216K, used 89070K [0x0000000740000000, 0x0000000800000000)
  region size 1024K, 31 young (31744K), 4 survivors (4096K)
 Metaspace       used 64779K, capacity 67057K, committed 67116K, reserved 1107968K
  class space    used 8737K, capacity 9591K, committed 9600K, reserved 1048576K
GC Heap History (20 events):
Event: 59.242 GC heap before
{Heap before GC invocations=26 (full 0):
 garbage-first heap   total 104448K, used 73304K [0x0000000740000000, 0x0000000800000000)
  region size 1024K, 23 young (23552K), 4 survivors (4096K)
 Metaspace       used 58331K, capacity 60242K, committed 60332K, reserved 1101824K
  class space    used 7979K, capacity 8686K, committed 8704K, reserved 1048576K
}
Event: 59.249 GC heap after
{Heap after GC invocations=27 (full 0):
 garbage-first heap   total 104448K, used 56004K [0x0000000740000000, 0x0000000800000000)
  region size 1024K, 3 young (3072K), 3 survivors (3072K)
 Metaspace       used 58331K, capacity 60242K, committed 60332K, reserved 1101824K
  class space    used 7979K, capacity 8686K, committed 8704K, reserved 1048576K
}
Event: 186.316 GC heap before
{Heap before GC invocations=27 (full 0):
 garbage-first heap   total 104448K, used 81604K [0x0000000740000000, 0x0000000800000000)
  region size 1024K, 28 young (28672K), 3 survivors (3072K)
 Metaspace       used 59128K, capacity 61078K, committed 61228K, reserved 1101824K
  class space    used 8014K, capacity 8766K, committed 8832K, reserved 1048576K
}
Event: 186.325 GC heap after
{Heap after GC invocations=28 (full 0):
 garbage-first heap   total 104448K, used 58341K [0x0000000740000000, 0x0000000800000000)
  region size 1024K, 4 young (4096K), 4 survivors (4096K)
 Metaspace       used 59128K, capacity 61078K, committed 61228K, reserved 1101824K
  class space    used 8014K, capacity 8766K, committed 8832K, reserved 1048576K
}
Event: 243.697 GC heap before
{Heap before GC invocations=29 (full 0):
 garbage-first heap   total 104448K, used 81893K [0x0000000740000000, 0x0000000800000000)
  region size 1024K, 28 young (28672K), 4 survivors (4096K)
 Metaspace       used 61815K, capacity 63877K, committed 64044K, reserved 1103872K
  class space    used 8454K, capacity 9246K, committed 9344K, reserved 1048576K
}
Event: 243.705 GC heap after
{Heap after GC invocations=30 (full 0):
 garbage-first heap   total 104448K, used 61117K [0x0000000740000000, 0x0000000800000000)
  region size 1024K, 3 young (3072K), 3 survivors (3072K)
 Metaspace       used 61815K, capacity 63877K, committed 64044K, reserved 1103872K
  class space    used 8454K, capacity 9246K, committed 9344K, reserved 1048576K
}
Event: 244.011 GC heap before
{Heap before GC invocations=30 (full 0):
 garbage-first heap   total 104448K, used 84669K [0x0000000740000000, 0x0000000800000000)
  region size 1024K, 26 young (26624K), 3 survivors (3072K)
 Metaspace       used 62210K, capacity 64208K, committed 64556K, reserved 1103872K
  class space    used 8486K, capacity 9250K, committed 9344K, reserved 1048576K
}
Event: 244.019 GC heap after
{Heap after GC invocations=31 (full 0):
 garbage-first heap   total 104448K, used 61754K [0x0000000740000000, 0x0000000800000000)
  region size 1024K, 1 young (1024K), 1 survivors (1024K)
 Metaspace       used 62210K, capacity 64208K, committed 64556K, reserved 1103872K
  class space    used 8486K, capacity 9250K, committed 9344K, reserved 1048576K
}
Event: 244.442 GC heap before
{Heap before GC invocations=32 (full 0):
 garbage-first heap   total 107520K, used 85306K [0x0000000740000000, 0x0000000800000000)
  region size 1024K, 24 young (24576K), 1 survivors (1024K)
 Metaspace       used 62265K, capacity 64272K, committed 64556K, reserved 1103872K
  class space    used 8486K, capacity 9250K, committed 9344K, reserved 1048576K
}
Event: 244.447 GC heap after
{Heap after GC invocations=33 (full 0):
 garbage-first heap   total 107520K, used 63240K [0x0000000740000000, 0x0000000800000000)
  region size 1024K, 3 young (3072K), 3 survivors (3072K)
 Metaspace       used 62265K, capacity 64272K, committed 64556K, reserved 1103872K
  class space    used 8486K, capacity 9250K, committed 9344K, reserved 1048576K
}
Event: 244.457 GC heap before
{Heap before GC invocations=33 (full 0):
 garbage-first heap   total 107520K, used 65288K [0x0000000740000000, 0x0000000800000000)
  region size 1024K, 5 young (5120K), 3 survivors (3072K)
 Metaspace       used 62265K, capacity 64272K, committed 64556K, reserved 1103872K
  class space    used 8486K, capacity 9250K, committed 9344K, reserved 1048576K
}
Event: 244.467 GC heap after
{Heap after GC invocations=34 (full 0):
 garbage-first heap   total 107520K, used 59793K [0x0000000740000000, 0x0000000800000000)
  region size 1024K, 1 young (1024K), 1 survivors (1024K)
 Metaspace       used 62265K, capacity 64272K, committed 64556K, reserved 1103872K
  class space    used 8486K, capacity 9250K, committed 9344K, reserved 1048576K
}
Event: 244.565 GC heap before
{Heap before GC invocations=34 (full 0):
 garbage-first heap   total 107520K, used 85393K [0x0000000740000000, 0x0000000800000000)
  region size 1024K, 26 young (26624K), 1 survivors (1024K)
 Metaspace       used 62273K, capacity 64272K, committed 64556K, reserved 1103872K
  class space    used 8486K, capacity 9250K, committed 9344K, reserved 1048576K
}
Event: 244.569 GC heap after
{Heap after GC invocations=35 (full 0):
 garbage-first heap   total 107520K, used 60349K [0x0000000740000000, 0x0000000800000000)
  region size 1024K, 2 young (2048K), 2 survivors (2048K)
 Metaspace       used 62273K, capacity 64272K, committed 64556K, reserved 1103872K
  class space    used 8486K, capacity 9250K, committed 9344K, reserved 1048576K
}
Event: 244.731 GC heap before
{Heap before GC invocations=35 (full 0):
 garbage-first heap   total 137216K, used 85949K [0x0000000740000000, 0x0000000800000000)
  region size 1024K, 27 young (27648K), 2 survivors (2048K)
 Metaspace       used 62281K, capacity 64272K, committed 64556K, reserved 1103872K
  class space    used 8486K, capacity 9250K, committed 9344K, reserved 1048576K
}
Event: 244.733 GC heap after
{Heap after GC invocations=36 (full 0):
 garbage-first heap   total 137216K, used 59772K [0x0000000740000000, 0x0000000800000000)
  region size 1024K, 1 young (1024K), 1 survivors (1024K)
 Metaspace       used 62281K, capacity 64272K, committed 64556K, reserved 1103872K
  class space    used 8486K, capacity 9250K, committed 9344K, reserved 1048576K
}
Event: 245.121 GC heap before
{Heap before GC invocations=37 (full 0):
 garbage-first heap   total 137216K, used 99708K [0x0000000740000000, 0x0000000800000000)
  region size 1024K, 40 young (40960K), 1 survivors (1024K)
 Metaspace       used 62318K, capacity 64336K, committed 64556K, reserved 1103872K
  class space    used 8486K, capacity 9250K, committed 9344K, reserved 1048576K
}
Event: 245.123 GC heap after
{Heap after GC invocations=38 (full 0):
 garbage-first heap   total 137216K, used 60341K [0x0000000740000000, 0x0000000800000000)
  region size 1024K, 2 young (2048K), 2 survivors (2048K)
 Metaspace       used 62318K, capacity 64336K, committed 64556K, reserved 1103872K
  class space    used 8486K, capacity 9250K, committed 9344K, reserved 1048576K
}
Event: 246.318 GC heap before
{Heap before GC invocations=38 (full 0):
 garbage-first heap   total 137216K, used 101301K [0x0000000740000000, 0x0000000800000000)
  region size 1024K, 42 young (43008K), 2 survivors (2048K)
 Metaspace       used 64730K, capacity 66993K, committed 67116K, reserved 1107968K
  class space    used 8733K, capacity 9591K, committed 9600K, reserved 1048576K
}
Event: 246.322 GC heap after
{Heap after GC invocations=39 (full 0):
 garbage-first heap   total 137216K, used 62446K [0x0000000740000000, 0x0000000800000000)
  region size 1024K, 4 young (4096K), 4 survivors (4096K)
 Metaspace       used 64730K, capacity 66993K, committed 67116K, reserved 1107968K
  class space    used 8733K, capacity 9591K, committed 9600K, reserved 1048576K
}

