# JRE version: Java(TM) SE Runtime Environment (13.0.1+9) (build 13.0.1+9)
# Java VM: Java HotSpot(TM) 64-Bit Server VM (13.0.1+9, mixed mode, sharing, tiered, compressed oops, g1 gc, windows-amd64)
Heap:
 garbage-first heap   total 157696K, used 19731K [0x0000000740000000, 0x0000000800000000)
  region size 1024K, 4 young (4096K), 4 survivors (4096K)
 Metaspace       used 20489K, capacity 21196K, committed 21248K, reserved 1067008K
  class space    used 3071K, capacity 3303K, committed 3328K, reserved 1048576K
GC Heap History (11 events):
Event: 0.387 GC heap before
{Heap before GC invocations=0 (full 0):
 garbage-first heap   total 131072K, used 16384K [0x0000000740000000, 0x0000000800000000)
  region size 1024K, 14 young (14336K), 0 survivors (0K)
 Metaspace       used 1143K, capacity 4891K, committed 5120K, reserved 1056768K
  class space    used 96K, capacity 480K, committed 512K, reserved 1048576K
}
Event: 0.392 GC heap after
{Heap after GC invocations=1 (full 0):
 garbage-first heap   total 131072K, used 4076K [0x0000000740000000, 0x0000000800000000)
  region size 1024K, 2 young (2048K), 2 survivors (2048K)
 Metaspace       used 1143K, capacity 4891K, committed 5120K, reserved 1056768K
  class space    used 96K, capacity 480K, committed 512K, reserved 1048576K
}
Event: 0.726 GC heap before
{Heap before GC invocations=1 (full 0):
 garbage-first heap   total 131072K, used 19436K [0x0000000740000000, 0x0000000800000000)
  region size 1024K, 14 young (14336K), 2 survivors (2048K)
 Metaspace       used 3339K, capacity 6293K, committed 6400K, reserved 1056768K
  class space    used 433K, capacity 739K, committed 768K, reserved 1048576K
}
Event: 0.729 GC heap after
{Heap after GC invocations=2 (full 0):
 garbage-first heap   total 131072K, used 9494K [0x0000000740000000, 0x0000000800000000)
  region size 1024K, 2 young (2048K), 2 survivors (2048K)
 Metaspace       used 3339K, capacity 6293K, committed 6400K, reserved 1056768K
  class space    used 433K, capacity 739K, committed 768K, reserved 1048576K
}
Event: 1.190 GC heap before
{Heap before GC invocations=2 (full 0):
 garbage-first heap   total 131072K, used 37142K [0x0000000740000000, 0x0000000800000000)
  region size 1024K, 30 young (30720K), 2 survivors (2048K)
 Metaspace       used 4301K, capacity 6832K, committed 7040K, reserved 1056768K
  class space    used 531K, capacity 812K, committed 896K, reserved 1048576K
}
Event: 1.193 GC heap after
{Heap after GC invocations=3 (full 0):
 garbage-first heap   total 131072K, used 11284K [0x0000000740000000, 0x0000000800000000)
  region size 1024K, 4 young (4096K), 4 survivors (4096K)
 Metaspace       used 4301K, capacity 6832K, committed 7040K, reserved 1056768K
  class space    used 531K, capacity 812K, committed 896K, reserved 1048576K
}
Event: 2.506 GC heap before
{Heap before GC invocations=3 (full 0):
 garbage-first heap   total 131072K, used 55316K [0x0000000740000000, 0x0000000800000000)
  region size 1024K, 46 young (47104K), 4 survivors (4096K)
 Metaspace       used 9470K, capacity 9901K, committed 9984K, reserved 1058816K
  class space    used 1328K, capacity 1465K, committed 1536K, reserved 1048576K
}
Event: 2.512 GC heap after
{Heap after GC invocations=4 (full 0):
 garbage-first heap   total 131072K, used 16103K [0x0000000740000000, 0x0000000800000000)
  region size 1024K, 6 young (6144K), 6 survivors (6144K)
 Metaspace       used 9470K, capacity 9901K, committed 9984K, reserved 1058816K
  class space    used 1328K, capacity 1465K, committed 1536K, reserved 1048576K
}
Event: 3.045 GC heap before
{Heap before GC invocations=4 (full 0):
 garbage-first heap   total 131072K, used 68327K [0x0000000740000000, 0x0000000800000000)
  region size 1024K, 57 young (58368K), 6 survivors (6144K)
 Metaspace       used 14609K, capacity 15176K, committed 15488K, reserved 1062912K
  class space    used 2159K, capacity 2352K, committed 2432K, reserved 1048576K
}
Event: 3.051 GC heap after
{Heap after GC invocations=5 (full 0):
 garbage-first heap   total 131072K, used 17888K [0x0000000740000000, 0x0000000800000000)
  region size 1024K, 2 young (2048K), 2 survivors (2048K)
 Metaspace       used 14609K, capacity 15176K, committed 15488K, reserved 1062912K
  class space    used 2159K, capacity 2352K, committed 2432K, reserved 1048576K
}
Event: 3.990 GC heap before
{Heap before GC invocations=5 (full 0):
 garbage-first heap   total 131072K, used 75232K [0x0000000740000000, 0x0000000800000000)
  region size 1024K, 59 young (60416K), 2 survivors (2048K)
 Metaspace       used 20489K, capacity 21196K, committed 21248K, reserved 1067008K
  class space    used 3071K, capacity 3303K, committed 3328K, reserved 1048576K
}

